<?xml version="1.0" encoding="UTF-8"?>
<!-- Generated by org.testng.reporters.JUnitReportReporter -->
<testsuite hostname="DESKTOP-98NRF6P" name="automationFramework.Sprint3" tests="5" failures="0" timestamp="15 Apr 2018 21:01:14 GMT" time="53.652" errors="0">
  <testcase name="myDonationForm" time="10.271" classname="automationFramework.Sprint3"/>
  <testcase name="deleteUserBsnAdmin" time="14.256" classname="automationFramework.Sprint3"/>
  <testcase name="deleteUserCQAdmin" time="12.848" classname="automationFramework.Sprint3"/>
  <testcase name="omitDonForm" time="12.907" classname="automationFramework.Sprint3"/>
  <testcase name="pricingPage" time="3.370" classname="automationFramework.Sprint3"/>
</testsuite> <!-- automationFramework.Sprint3 -->
