<?xml version="1.0" encoding="UTF-8"?>
<!-- Generated by org.testng.reporters.JUnitReportReporter -->
<testsuite hostname="DESKTOP-98NRF6P" name="automationFramework.Sprint3" tests="7" failures="0" timestamp="8 Apr 2018 06:57:13 GMT" time="25.873" errors="0">
  <testcase name="deleteUserCQAdmin" time="6.940" classname="automationFramework.Sprint3"/>
  <testcase name="omitDonFormCQUser" time="2.500" classname="automationFramework.Sprint3"/>
  <testcase name="omitDonFormCQAdmin" time="2.653" classname="automationFramework.Sprint3"/>
  <testcase name="deleteUserBsnAdmin" time="6.067" classname="automationFramework.Sprint3"/>
  <testcase name="pricingPage" time="1.293" classname="automationFramework.Sprint3"/>
  <testcase name="myDonationFormBuser" time="3.040" classname="automationFramework.Sprint3"/>
  <testcase name="myDonationFormbadmin" time="3.380" classname="automationFramework.Sprint3"/>
</testsuite> <!-- automationFramework.Sprint3 -->
