<?xml version="1.0" encoding="UTF-8"?>
<!-- Generated by org.testng.reporters.JUnitReportReporter -->
<testsuite hostname="DESKTOP-98NRF6P" name="automationFramework.Basic_Regression" tests="1" failures="0" timestamp="8 Apr 2018 16:58:43 GMT" time="8.580" errors="0">
  <testcase name="ManualDonationRequests" time="8.580" classname="automationFramework.Basic_Regression"/>
</testsuite> <!-- automationFramework.Basic_Regression -->
