<?xml version="1.0" encoding="UTF-8"?>
<!-- Generated by org.testng.reporters.JUnitReportReporter -->
<testsuite hostname="DESKTOP-98NRF6P" name="automationFramework.Sprint2" tests="1" failures="0" timestamp="4 Apr 2018 05:57:04 GMT" time="12.486" errors="0">
  <testcase name="ActiveStatus1" time="12.486" classname="automationFramework.Sprint2"/>
</testsuite> <!-- automationFramework.Sprint2 -->
