<?xml version="1.0" encoding="UTF-8"?>
<!-- Generated by org.testng.reporters.JUnitReportReporter -->
<testsuite hostname="DESKTOP-98NRF6P" name="automationFramework.Sprint4" tests="2" failures="0" timestamp="15 Apr 2018 22:26:55 GMT" time="20.603" errors="0">
  <testcase name="CommaCqUser" time="13.479" classname="automationFramework.Sprint4"/>
  <testcase name="ApprovedAmount" time="7.124" classname="automationFramework.Sprint4"/>
</testsuite> <!-- automationFramework.Sprint4 -->
