<?xml version="1.0" encoding="UTF-8"?>
<!-- Generated by org.testng.reporters.JUnitReportReporter -->
<testsuite hostname="DESKTOP-98NRF6P" name="automationFramework.Basic_Regression" tests="1" failures="0" timestamp="26 Apr 2018 23:11:51 GMT" time="96.129" errors="0">
  <testcase name="DonationPreferences" time="96.129" classname="automationFramework.Basic_Regression"/>
</testsuite> <!-- automationFramework.Basic_Regression -->
