<?xml version="1.0" encoding="UTF-8"?>
<!-- Generated by org.testng.reporters.JUnitReportReporter -->
<testsuite hostname="DESKTOP-98NRF6P" name="automationFramework.Sprint3" tests="3" failures="0" timestamp="14 Apr 2018 07:23:14 GMT" time="14.422" errors="0">
  <testcase name="myDonationForm" time="7.551" classname="automationFramework.Sprint3"/>
  <testcase name="omitDonForm" time="5.375" classname="automationFramework.Sprint3"/>
  <testcase name="pricingPage" time="1.496" classname="automationFramework.Sprint3"/>
</testsuite> <!-- automationFramework.Sprint3 -->
