<?xml version="1.0" encoding="UTF-8"?>
<!-- Generated by org.testng.reporters.JUnitReportReporter -->
<testsuite hostname="DESKTOP-98NRF6P" name="automationFramework.Sprint1" tests="8" failures="0" timestamp="8 Apr 2018 06:05:01 GMT" time="49.854" errors="0">
  <testcase name="PendingRequestsBUser" time="7.496" classname="automationFramework.Sprint1"/>
  <testcase name="Mydonationform" time="7.419" classname="automationFramework.Sprint1"/>
  <testcase name="PendingRequestsBadmin" time="7.575" classname="automationFramework.Sprint1"/>
  <testcase name="CommaBadmin" time="2.987" classname="automationFramework.Sprint1"/>
  <testcase name="CommaBUser" time="4.181" classname="automationFramework.Sprint1"/>
  <testcase name="Commacqadmin" time="6.351" classname="automationFramework.Sprint1"/>
  <testcase name="updatelocationBAdmin" time="6.865" classname="automationFramework.Sprint1"/>
  <testcase name="verifySubsDate" time="6.980" classname="automationFramework.Sprint1"/>
</testsuite> <!-- automationFramework.Sprint1 -->
