<?xml version="1.0" encoding="UTF-8"?>
<!-- Generated by org.testng.reporters.JUnitReportReporter -->
<testsuite hostname="DESKTOP-98NRF6P" name="automationFramework.Sprint4" tests="2" failures="0" timestamp="8 Apr 2018 06:24:08 GMT" time="10.561" errors="0">
  <testcase name="CommaCqUser" time="4.110" classname="automationFramework.Sprint4"/>
  <testcase name="CommaRoot" time="6.451" classname="automationFramework.Sprint4"/>
</testsuite> <!-- automationFramework.Sprint4 -->
