<?xml version="1.0" encoding="UTF-8"?>
<!-- Generated by org.testng.reporters.JUnitReportReporter -->
<testsuite hostname="DESKTOP-98NRF6P" name="automationFramework.Sprint1" tests="8" failures="0" timestamp="14 Apr 2018 20:03:48 GMT" time="63.933" errors="0">
  <testcase name="CommaBUser" time="4.059" classname="automationFramework.Sprint1"/>
  <testcase name="verifySubsDate" time="6.420" classname="automationFramework.Sprint1"/>
  <testcase name="Mydonationform" time="18.742" classname="automationFramework.Sprint1"/>
  <testcase name="PendingRequestsBadmin" time="9.012" classname="automationFramework.Sprint1"/>
  <testcase name="updatelocationBAdmin" time="9.455" classname="automationFramework.Sprint1"/>
  <testcase name="Commacqadmin" time="4.155" classname="automationFramework.Sprint1"/>
  <testcase name="CommaBadmin" time="3.695" classname="automationFramework.Sprint1"/>
  <testcase name="PendingRequestsBUser" time="8.395" classname="automationFramework.Sprint1"/>
</testsuite> <!-- automationFramework.Sprint1 -->
